<?xml version="1.0" encoding="UTF-8"?>
<TestRun id="402644c2-c634-4b65-b435-d3c9bf3f8cbd" name="hol353@MOUSE-TW 2013-08-26 14:04:36" runUser="NEXUS\hol353" xmlns="http://microsoft.com/schemas/VisualStudio/TeamTest/2010">
  <TestSettings name="Default Test Settings" id="ed1d75dd-ed17-43d9-a01c-65962bf406f2">
    <Execution>
      <TestTypeSpecific />
      <AgentRule name="Execution Agents">
      </AgentRule>
    </Execution>
    <Deployment runDeploymentRoot="hol353_MOUSE-TW 2013-08-26 14_04_36" />
  </TestSettings>
  <Times creation="2013-08-26T14:04:36.6215448+10:00" queuing="2013-08-26T14:04:37.1435970+10:00" start="2013-08-26T14:04:37.1806007+10:00" finish="2013-08-26T14:04:38.6357462+10:00" />
  <ResultSummary outcome="Completed">
    <Counters total="3" executed="3" passed="3" error="0" failed="0" timeout="0" aborted="0" inconclusive="0" passedButRunAborted="0" notRunnable="0" notExecuted="0" disconnected="0" warning="0" completed="0" inProgress="0" pending="0" />
  </ResultSummary>
  <TestDefinitions>
    <UnitTest name="ModelsTest" storage="modeltests.dll" id="06750018-b1ba-6794-e7a9-1fbfa1d33697">
      <Execution id="047f81de-b810-4b8c-aa73-b24c615fab65" />
      <TestMethod codeBase="C:/Users/hol353/ApsimX/ModelTests/bin/Debug/ModelTests.dll" adapterTypeName="Microsoft.VisualStudio.TestTools.TestTypes.Unit.UnitTestAdapter, Microsoft.VisualStudio.QualityTools.Tips.UnitTest.Adapter, Version=10.0.0.0, Culture=neutral, PublicKeyToken=b03f5f7f11d50a3a" className="ModelTests.SimulationsTest, ModelTests, Version=1.0.0.0, Culture=neutral, PublicKeyToken=null" name="ModelsTest" />
    </UnitTest>
    <UnitTest name="AddChildTest" storage="modeltests.dll" id="b345739c-70fd-457a-6173-13bc3e100757">
      <Execution id="6d455bd6-4ecd-4960-8874-e6c3ff211b45" />
      <TestMethod codeBase="C:/Users/hol353/ApsimX/ModelTests/bin/Debug/ModelTests.dll" adapterTypeName="Microsoft.VisualStudio.TestTools.TestTypes.Unit.UnitTestAdapter, Microsoft.VisualStudio.QualityTools.Tips.UnitTest.Adapter, Version=10.0.0.0, Culture=neutral, PublicKeyToken=b03f5f7f11d50a3a" className="ModelTests.SimulationsTest, ModelTests, Version=1.0.0.0, Culture=neutral, PublicKeyToken=null" name="AddChildTest" />
    </UnitTest>
    <UnitTest name="FullPathTest" storage="modeltests.dll" id="24cf664f-cd4f-47c1-7e97-026b64d390f7">
      <Execution id="9dd02d3d-74f1-40ba-9ccd-c8b2b26e5d51" />
      <TestMethod codeBase="C:/Users/hol353/ApsimX/ModelTests/bin/Debug/ModelTests.dll" adapterTypeName="Microsoft.VisualStudio.TestTools.TestTypes.Unit.UnitTestAdapter, Microsoft.VisualStudio.QualityTools.Tips.UnitTest.Adapter, Version=10.0.0.0, Culture=neutral, PublicKeyToken=b03f5f7f11d50a3a" className="ModelTests.ZoneTest, ModelTests, Version=1.0.0.0, Culture=neutral, PublicKeyToken=null" name="FullPathTest" />
    </UnitTest>
  </TestDefinitions>
  <TestLists>
    <TestList name="Results Not in a List" id="8c84fa94-04c1-424b-9868-57a2d4851a1d" />
    <TestList name="All Loaded Results" id="19431567-8539-422a-85d7-44ee4e166bda" />
  </TestLists>
  <TestEntries>
    <TestEntry testId="b345739c-70fd-457a-6173-13bc3e100757" executionId="6d455bd6-4ecd-4960-8874-e6c3ff211b45" testListId="8c84fa94-04c1-424b-9868-57a2d4851a1d" />
    <TestEntry testId="06750018-b1ba-6794-e7a9-1fbfa1d33697" executionId="047f81de-b810-4b8c-aa73-b24c615fab65" testListId="8c84fa94-04c1-424b-9868-57a2d4851a1d" />
    <TestEntry testId="24cf664f-cd4f-47c1-7e97-026b64d390f7" executionId="9dd02d3d-74f1-40ba-9ccd-c8b2b26e5d51" testListId="8c84fa94-04c1-424b-9868-57a2d4851a1d" />
  </TestEntries>
  <Results>
    <UnitTestResult executionId="6d455bd6-4ecd-4960-8874-e6c3ff211b45" testId="b345739c-70fd-457a-6173-13bc3e100757" testName="AddChildTest" computerName="MOUSE-TW" duration="00:00:01.0743336" startTime="2013-08-26T14:04:37.2136040+10:00" endTime="2013-08-26T14:04:38.5847411+10:00" testType="13cdc9d9-ddb5-4fa4-a97d-d965ccfc6d4b" outcome="Passed" testListId="8c84fa94-04c1-424b-9868-57a2d4851a1d" relativeResultsDirectory="6d455bd6-4ecd-4960-8874-e6c3ff211b45">
    </UnitTestResult>
    <UnitTestResult executionId="047f81de-b810-4b8c-aa73-b24c615fab65" testId="06750018-b1ba-6794-e7a9-1fbfa1d33697" testName="ModelsTest" computerName="MOUSE-TW" duration="00:00:00.0082524" startTime="2013-08-26T14:04:38.5907417+10:00" endTime="2013-08-26T14:04:38.6057432+10:00" testType="13cdc9d9-ddb5-4fa4-a97d-d965ccfc6d4b" outcome="Passed" testListId="8c84fa94-04c1-424b-9868-57a2d4851a1d" relativeResultsDirectory="047f81de-b810-4b8c-aa73-b24c615fab65">
    </UnitTestResult>
    <UnitTestResult executionId="9dd02d3d-74f1-40ba-9ccd-c8b2b26e5d51" testId="24cf664f-cd4f-47c1-7e97-026b64d390f7" testName="FullPathTest" computerName="MOUSE-TW" duration="00:00:00.0066014" startTime="2013-08-26T14:04:38.6097436+10:00" endTime="2013-08-26T14:04:38.6177444+10:00" testType="13cdc9d9-ddb5-4fa4-a97d-d965ccfc6d4b" outcome="Passed" testListId="8c84fa94-04c1-424b-9868-57a2d4851a1d" relativeResultsDirectory="9dd02d3d-74f1-40ba-9ccd-c8b2b26e5d51">
    </UnitTestResult>
  </Results>
</TestRun>